<?xml version="1.0" encoding="UTF-8"?>
<coverage generated="1650562689">
  <project timestamp="1650562689">
    <file name="/home/runner/work/JSONFinder/JSONFinder/src/Contracts/JSONEntry.php">
      <metrics loc="49" ncloc="21" classes="0" methods="0" coveredmethods="0" conditionals="0" coveredconditionals="0" statements="0" coveredstatements="0" elements="0" coveredelements="0"/>
    </file>
    <file name="/home/runner/work/JSONFinder/JSONFinder/src/Contracts/JSONStringable.php">
      <metrics loc="22" ncloc="11" classes="0" methods="0" coveredmethods="0" conditionals="0" coveredconditionals="0" statements="0" coveredstatements="0" elements="0" coveredelements="0"/>
    </file>
    <file name="/home/runner/work/JSONFinder/JSONFinder/src/JSONArray.php">
      <class name="Eboubaker\JSON\JSONArray" namespace="global">
        <metrics complexity="31" methods="8" coveredmethods="8" conditionals="0" coveredconditionals="0" statements="49" coveredstatements="49" elements="57" coveredelements="57"/>
      </class>
      <line num="19" type="method" name="__construct" visibility="public" complexity="5" crap="5" count="29"/>
      <line num="21" type="stmt" count="29"/>
      <line num="22" type="stmt" count="1"/>
      <line num="24" type="stmt" count="29"/>
      <line num="25" type="stmt" count="29"/>
      <line num="26" type="stmt" count="21"/>
      <line num="27" type="stmt" count="1"/>
      <line num="29" type="stmt" count="20"/>
      <line num="40" type="method" name="from" visibility="public" complexity="4" crap="4" count="10"/>
      <line num="42" type="stmt" count="10"/>
      <line num="43" type="stmt" count="1"/>
      <line num="45" type="stmt" count="10"/>
      <line num="46" type="stmt" count="10"/>
      <line num="47" type="stmt" count="10"/>
      <line num="49" type="stmt" count="9"/>
      <line num="56" type="method" name="__toString" visibility="public" complexity="1" crap="1" count="5"/>
      <line num="58" type="stmt" count="5"/>
      <line num="64" type="method" name="toReadableString" visibility="public" complexity="1" crap="1" count="2"/>
      <line num="66" type="stmt" count="2"/>
      <line num="72" type="method" name="internal_toReadableString" visibility="public" complexity="10" crap="10" count="2"/>
      <line num="74" type="stmt" count="2"/>
      <line num="75" type="stmt" count="2"/>
      <line num="76" type="stmt" count="2"/>
      <line num="78" type="stmt" count="2"/>
      <line num="79" type="stmt" count="2"/>
      <line num="80" type="stmt" count="2"/>
      <line num="82" type="stmt" count="2"/>
      <line num="83" type="stmt" count="2"/>
      <line num="86" type="stmt" count="2"/>
      <line num="88" type="stmt" count="2"/>
      <line num="89" type="stmt" count="2"/>
      <line num="91" type="stmt" count="2"/>
      <line num="92" type="stmt" count="2"/>
      <line num="94" type="stmt" count="2"/>
      <line num="96" type="stmt" count="2"/>
      <line num="97" type="stmt" count="2"/>
      <line num="99" type="stmt" count="2"/>
      <line num="100" type="stmt" count="2"/>
      <line num="103" type="method" name="offsetSet" visibility="public" complexity="5" crap="5" count="29"/>
      <line num="105" type="stmt" count="29"/>
      <line num="106" type="stmt" count="2"/>
      <line num="108" type="stmt" count="29"/>
      <line num="109" type="stmt" count="1"/>
      <line num="110" type="stmt" count="1"/>
      <line num="112" type="stmt" count="1"/>
      <line num="114" type="stmt" count="29"/>
      <line num="124" type="method" name="sort" visibility="public" complexity="2" crap="2" count="1"/>
      <line num="126" type="stmt" count="1"/>
      <line num="128" type="stmt" count="1"/>
      <line num="129" type="stmt" count="1"/>
      <line num="131" type="stmt" count="1"/>
      <line num="140" type="method" name="filter" visibility="public" complexity="3" crap="3" count="1"/>
      <line num="142" type="stmt" count="1"/>
      <line num="143" type="stmt" count="1"/>
      <line num="144" type="stmt" count="1"/>
      <line num="145" type="stmt" count="1"/>
      <line num="148" type="stmt" count="1"/>
      <metrics loc="151" ncloc="110" classes="1" methods="8" coveredmethods="8" conditionals="0" coveredconditionals="0" statements="49" coveredstatements="49" elements="57" coveredelements="57"/>
    </file>
    <file name="/home/runner/work/JSONFinder/JSONFinder/src/JSONContainer.php">
      <class name="Eboubaker\JSON\JSONContainer" namespace="global">
        <metrics complexity="132" methods="29" coveredmethods="29" conditionals="0" coveredconditionals="0" statements="200" coveredstatements="200" elements="229" coveredelements="229"/>
      </class>
      <line num="33" type="method" name="toEntry" visibility="public" complexity="5" crap="5" count="13"/>
      <line num="35" type="stmt" count="13"/>
      <line num="36" type="stmt" count="12"/>
      <line num="37" type="stmt" count="6"/>
      <line num="39" type="stmt" count="12"/>
      <line num="42" type="stmt" count="3"/>
      <line num="50" type="method" name="iterable_to_container" visibility="private" complexity="10" crap="10" count="6"/>
      <line num="52" type="stmt" count="6"/>
      <line num="53" type="stmt" count="6"/>
      <line num="54" type="stmt" count="6"/>
      <line num="55" type="stmt" count="6"/>
      <line num="56" type="stmt" count="6"/>
      <line num="57" type="stmt" count="5"/>
      <line num="58" type="stmt" count="5"/>
      <line num="59" type="stmt" count="4"/>
      <line num="60" type="stmt" count="4"/>
      <line num="61" type="stmt" count="1"/>
      <line num="62" type="stmt" count="1"/>
      <line num="63" type="stmt" count="1"/>
      <line num="68" type="stmt" count="6"/>
      <line num="69" type="stmt" count="4"/>
      <line num="70" type="stmt" count="3"/>
      <line num="72" type="stmt" count="1"/>
      <line num="75" type="stmt" count="6"/>
      <line num="76" type="stmt" count="5"/>
      <line num="78" type="stmt" count="5"/>
      <line num="83" type="method" name="offsetSet" visibility="public" complexity="2" crap="2" count="31"/>
      <line num="86" type="stmt" count="31"/>
      <line num="87" type="stmt" count="3"/>
      <line num="89" type="stmt" count="30"/>
      <line num="93" type="method" name="isContainer" visibility="public" complexity="1" crap="1" count="2"/>
      <line num="95" type="stmt" count="2"/>
      <line num="103" type="method" name="value" visibility="public" complexity="1" crap="1" count="2"/>
      <line num="105" type="stmt" count="2"/>
      <line num="111" type="method" name="countAll" visibility="public" complexity="3" crap="3" count="2"/>
      <line num="113" type="stmt" count="2"/>
      <line num="114" type="stmt" count="2"/>
      <line num="115" type="stmt" count="2"/>
      <line num="116" type="stmt" count="2"/>
      <line num="118" type="stmt" count="2"/>
      <line num="121" type="stmt" count="2"/>
      <line num="130" type="method" name="values" visibility="public" complexity="6" crap="6" count="6"/>
      <line num="132" type="stmt" count="6"/>
      <line num="133" type="stmt" count="6"/>
      <line num="134" type="stmt" count="6"/>
      <line num="135" type="stmt" count="6"/>
      <line num="136" type="stmt" count="6"/>
      <line num="138" type="stmt" count="1"/>
      <line num="142" type="stmt" count="6"/>
      <line num="143" type="stmt" count="6"/>
      <line num="145" type="stmt" count="1"/>
      <line num="154" type="method" name="count" visibility="public" complexity="1" crap="1" count="24"/>
      <line num="156" type="stmt" count="24"/>
      <line num="159" type="method" name="offsetExists" visibility="public" complexity="1" crap="1" count="8"/>
      <line num="161" type="stmt" count="8"/>
      <line num="164" type="method" name="offsetGet" visibility="public" complexity="1" crap="1" count="14"/>
      <line num="169" type="stmt" count="14"/>
      <line num="172" type="method" name="offsetUnset" visibility="public" complexity="1" crap="1" count="1"/>
      <line num="175" type="stmt" count="1"/>
      <line num="178" type="method" name="getIterator" visibility="public" complexity="1" crap="1" count="5"/>
      <line num="180" type="stmt" count="5"/>
      <line num="187" type="method" name="entries" visibility="public" complexity="1" crap="1" count="1"/>
      <line num="189" type="stmt" count="1"/>
      <line num="196" type="method" name="assoc" visibility="public" complexity="3" crap="3" count="2"/>
      <line num="198" type="stmt" count="2"/>
      <line num="199" type="stmt" count="2"/>
      <line num="200" type="stmt" count="2"/>
      <line num="201" type="stmt" count="1"/>
      <line num="203" type="stmt" count="2"/>
      <line num="206" type="stmt" count="2"/>
      <line num="212" type="method" name="keys" visibility="public" complexity="1" crap="1" count="1"/>
      <line num="214" type="stmt" count="1"/>
      <line num="222" type="method" name="containers" visibility="public" complexity="3" crap="3" count="1"/>
      <line num="224" type="stmt" count="1"/>
      <line num="225" type="stmt" count="1"/>
      <line num="226" type="stmt" count="1"/>
      <line num="227" type="stmt" count="1"/>
      <line num="230" type="stmt" count="1"/>
      <line num="237" type="method" name="containersIterator" visibility="public" complexity="3" crap="3" count="5"/>
      <line num="239" type="stmt" count="5"/>
      <line num="240" type="stmt" count="5"/>
      <line num="241" type="stmt" count="5"/>
      <line num="249" type="method" name="first" visibility="public" complexity="2" crap="2" count="1"/>
      <line num="251" type="stmt" count="1"/>
      <line num="257" type="method" name="last" visibility="public" complexity="2" crap="2" count="1"/>
      <line num="259" type="stmt" count="1"/>
      <line num="265" type="method" name="isEmpty" visibility="public" complexity="1" crap="1" count="1"/>
      <line num="267" type="stmt" count="1"/>
      <line num="270" type="method" name="matches" visibility="public" complexity="1" crap="1" count="2"/>
      <line num="273" type="stmt" count="2"/>
      <line num="281" type="method" name="has" visibility="public" complexity="1" crap="1" count="1"/>
      <line num="284" type="stmt" count="1"/>
      <line num="293" type="method" name="get" visibility="public" complexity="6" crap="6" count="3"/>
      <line num="295" type="stmt" count="3"/>
      <line num="296" type="stmt" count="3"/>
      <line num="297" type="stmt" count="3"/>
      <line num="298" type="stmt" count="2"/>
      <line num="300" type="stmt" count="3"/>
      <line num="301" type="stmt" count="3"/>
      <line num="302" type="stmt" count="3"/>
      <line num="303" type="stmt" count="3"/>
      <line num="316" type="method" name="getAll" visibility="public" complexity="5" crap="5" count="2"/>
      <line num="318" type="stmt" count="2"/>
      <line num="319" type="stmt" count="2"/>
      <line num="320" type="stmt" count="2"/>
      <line num="321" type="stmt" count="1"/>
      <line num="323" type="stmt" count="2"/>
      <line num="324" type="stmt" count="2"/>
      <line num="325" type="stmt" count="2"/>
      <line num="331" type="method" name="internal_get" visibility="private" complexity="16" crap="16" count="3"/>
      <line num="333" type="stmt" count="3"/>
      <line num="334" type="stmt" count="3"/>
      <line num="335" type="stmt" count="3"/>
      <line num="336" type="stmt" count="3"/>
      <line num="337" type="stmt" count="2"/>
      <line num="338" type="stmt" count="2"/>
      <line num="339" type="stmt" count="2"/>
      <line num="342" type="stmt" count="2"/>
      <line num="343" type="stmt" count="2"/>
      <line num="344" type="stmt" count="2"/>
      <line num="345" type="stmt" count="2"/>
      <line num="349" type="stmt" count="2"/>
      <line num="350" type="stmt" count="2"/>
      <line num="351" type="stmt" count="2"/>
      <line num="352" type="stmt" count="2"/>
      <line num="356" type="stmt" count="3"/>
      <line num="357" type="stmt" count="2"/>
      <line num="358" type="stmt" count="2"/>
      <line num="359" type="stmt" count="2"/>
      <line num="362" type="stmt" count="2"/>
      <line num="363" type="stmt" count="2"/>
      <line num="364" type="stmt" count="2"/>
      <line num="365" type="stmt" count="2"/>
      <line num="370" type="stmt" count="3"/>
      <line num="371" type="stmt" count="3"/>
      <line num="372" type="stmt" count="3"/>
      <line num="373" type="stmt" count="3"/>
      <line num="375" type="stmt" count="3"/>
      <line num="376" type="stmt" count="3"/>
      <line num="381" type="stmt" count="2"/>
      <line num="387" type="method" name="internal_getAll" visibility="private" complexity="30" crap="30" count="2"/>
      <line num="389" type="stmt" count="2"/>
      <line num="390" type="stmt" count="2"/>
      <line num="391" type="stmt" count="2"/>
      <line num="392" type="stmt" count="2"/>
      <line num="393" type="stmt" count="2"/>
      <line num="394" type="stmt" count="2"/>
      <line num="396" type="stmt" count="1"/>
      <line num="397" type="stmt" count="1"/>
      <line num="398" type="stmt" count="1"/>
      <line num="399" type="stmt" count="1"/>
      <line num="401" type="stmt" count="1"/>
      <line num="406" type="stmt" count="2"/>
      <line num="407" type="stmt" count="2"/>
      <line num="408" type="stmt" count="2"/>
      <line num="409" type="stmt" count="1"/>
      <line num="411" type="stmt" count="2"/>
      <line num="416" type="stmt" count="2"/>
      <line num="417" type="stmt" count="2"/>
      <line num="418" type="stmt" count="2"/>
      <line num="419" type="stmt" count="1"/>
      <line num="421" type="stmt" count="2"/>
      <line num="426" type="stmt" count="2"/>
      <line num="427" type="stmt" count="2"/>
      <line num="429" type="stmt" count="2"/>
      <line num="430" type="stmt" count="2"/>
      <line num="431" type="stmt" count="2"/>
      <line num="432" type="stmt" count="1"/>
      <line num="434" type="stmt" count="2"/>
      <line num="439" type="stmt" count="2"/>
      <line num="440" type="stmt" count="2"/>
      <line num="441" type="stmt" count="2"/>
      <line num="442" type="stmt" count="1"/>
      <line num="444" type="stmt" count="2"/>
      <line num="451" type="stmt" count="2"/>
      <line num="452" type="stmt" count="2"/>
      <line num="454" type="stmt" count="2"/>
      <line num="456" type="stmt" count="2"/>
      <line num="458" type="stmt" count="2"/>
      <line num="459" type="stmt" count="1"/>
      <line num="461" type="stmt" count="2"/>
      <line num="466" type="stmt" count="2"/>
      <line num="467" type="stmt" count="2"/>
      <line num="468" type="stmt" count="2"/>
      <line num="469" type="stmt" count="1"/>
      <line num="471" type="stmt" count="2"/>
      <line num="478" type="stmt" count="2"/>
      <line num="492" type="method" name="search" visibility="public" complexity="10" crap="10" count="1"/>
      <line num="494" type="stmt" count="1"/>
      <line num="495" type="stmt" count="1"/>
      <line num="496" type="stmt" count="1"/>
      <line num="497" type="stmt" count="1"/>
      <line num="499" type="stmt" count="1"/>
      <line num="501" type="stmt" count="1"/>
      <line num="502" type="stmt" count="1"/>
      <line num="503" type="stmt" count="1"/>
      <line num="505" type="stmt" count="1"/>
      <line num="508" type="stmt" count="1"/>
      <line num="509" type="stmt" count="1"/>
      <line num="510" type="stmt" count="1"/>
      <line num="511" type="stmt" count="1"/>
      <line num="512" type="stmt" count="1"/>
      <line num="514" type="stmt" count="1"/>
      <line num="515" type="stmt" count="1"/>
      <line num="517" type="stmt" count="1"/>
      <line num="525" type="method" name="internal_search" visibility="private" complexity="6" crap="6" count="1"/>
      <line num="528" type="stmt" count="1"/>
      <line num="529" type="stmt" count="1"/>
      <line num="530" type="stmt" count="1"/>
      <line num="532" type="stmt" count="1"/>
      <line num="534" type="stmt" count="1"/>
      <line num="537" type="stmt" count="1"/>
      <line num="539" type="stmt" count="1"/>
      <line num="542" type="stmt" count="1"/>
      <line num="543" type="stmt" count="1"/>
      <line num="544" type="stmt" count="1"/>
      <line num="545" type="stmt" count="1"/>
      <line num="548" type="stmt" count="1"/>
      <line num="556" type="method" name="equals" visibility="public" complexity="8" crap="8" count="3"/>
      <line num="558" type="stmt" count="3"/>
      <line num="559" type="stmt" count="3"/>
      <line num="560" type="stmt" count="3"/>
      <line num="561" type="stmt" count="3"/>
      <line num="562" type="stmt" count="3"/>
      <line num="563" type="stmt" count="3"/>
      <line num="564" type="stmt" count="3"/>
      <line num="568" type="stmt" count="3"/>
      <line num="569" type="stmt" count="1"/>
      <line num="573" type="stmt" count="2"/>
      <metrics loc="587" ncloc="440" classes="1" methods="29" coveredmethods="29" conditionals="0" coveredconditionals="0" statements="200" coveredstatements="200" elements="229" coveredelements="229"/>
    </file>
    <file name="/home/runner/work/JSONFinder/JSONFinder/src/JSONFinder.php">
      <class name="Eboubaker\JSON\JSONFinder" namespace="global">
        <metrics complexity="145" methods="16" coveredmethods="16" conditionals="0" coveredconditionals="0" statements="235" coveredstatements="235" elements="251" coveredelements="251"/>
      </class>
      <line num="94" type="method" name="__construct" visibility="private" complexity="3" crap="3" count="21"/>
      <line num="96" type="stmt" count="21"/>
      <line num="97" type="stmt" count="1"/>
      <line num="99" type="stmt" count="21"/>
      <line num="100" type="stmt" count="21"/>
      <line num="109" type="method" name="make" visibility="public" complexity="1" crap="1" count="21"/>
      <line num="111" type="stmt" count="21"/>
      <line num="118" type="method" name="findEntries" visibility="public" complexity="4" crap="4" count="20"/>
      <line num="120" type="stmt" count="20"/>
      <line num="121" type="stmt" count="20"/>
      <line num="122" type="stmt" count="20"/>
      <line num="123" type="stmt" count="20"/>
      <line num="124" type="stmt" count="20"/>
      <line num="125" type="stmt" count="20"/>
      <line num="127" type="stmt" count="20"/>
      <line num="129" type="stmt" count="20"/>
      <line num="131" type="stmt" count="20"/>
      <line num="134" type="stmt" count="20"/>
      <line num="137" type="stmt" count="20"/>
      <line num="143" type="method" name="isAllowedEntry" visibility="private" complexity="18" crap="18" count="20"/>
      <line num="145" type="stmt" count="20"/>
      <line num="146" type="stmt" count="16"/>
      <line num="147" type="stmt" count="16"/>
      <line num="148" type="stmt" count="15"/>
      <line num="149" type="stmt" count="16"/>
      <line num="151" type="stmt" count="20"/>
      <line num="152" type="stmt" count="19"/>
      <line num="153" type="stmt" count="19"/>
      <line num="155" type="stmt" count="15"/>
      <line num="157" type="stmt" count="16"/>
      <line num="158" type="stmt" count="16"/>
      <line num="159" type="stmt" count="16"/>
      <line num="161" type="stmt" count="15"/>
      <line num="164" type="stmt" count="1"/>
      <line num="176" type="method" name="parse" visibility="private" complexity="8" crap="8" count="20"/>
      <line num="178" type="stmt" count="20"/>
      <line num="179" type="stmt" count="5"/>
      <line num="182" type="stmt" count="20"/>
      <line num="183" type="stmt" count="20"/>
      <line num="184" type="stmt" count="20"/>
      <line num="185" type="stmt" count="20"/>
      <line num="186" type="stmt" count="20"/>
      <line num="187" type="stmt" count="20"/>
      <line num="191" type="method" name="parseNull" visibility="private" complexity="4" crap="4" count="20"/>
      <line num="193" type="stmt" count="20"/>
      <line num="194" type="stmt" count="15"/>
      <line num="195" type="stmt" count="20"/>
      <line num="198" type="stmt" count="1"/>
      <line num="200" type="stmt" count="20"/>
      <line num="204" type="method" name="parseBoolean" visibility="private" complexity="3" crap="3" count="20"/>
      <line num="206" type="stmt" count="20"/>
      <line num="207" type="stmt" count="18"/>
      <line num="208" type="stmt" count="20"/>
      <line num="209" type="stmt" count="15"/>
      <line num="211" type="stmt" count="20"/>
      <line num="217" type="method" name="unicode_to_utf8" visibility="private" complexity="5" crap="5" count="17"/>
      <line num="219" type="stmt" count="17"/>
      <line num="220" type="stmt" count="17"/>
      <line num="221" type="stmt" count="1"/>
      <line num="222" type="stmt" count="1"/>
      <line num="223" type="stmt" count="1"/>
      <line num="230" type="method" name="surrogate_to_utf16" visibility="private" complexity="1" crap="1" count="1"/>
      <line num="232" type="stmt" count="1"/>
      <line num="238" type="method" name="parseString" visibility="private" complexity="22" crap="22" count="20"/>
      <line num="240" type="stmt" count="20"/>
      <line num="241" type="stmt" count="20"/>
      <line num="243" type="stmt" count="20"/>
      <line num="244" type="stmt" count="20"/>
      <line num="245" type="stmt" count="20"/>
      <line num="246" type="stmt" count="20"/>
      <line num="247" type="stmt" count="20"/>
      <line num="248" type="stmt" count="20"/>
      <line num="249" type="stmt" count="20"/>
      <line num="250" type="stmt" count="20"/>
      <line num="252" type="stmt" count="20"/>
      <line num="253" type="stmt" count="20"/>
      <line num="255" type="stmt" count="17"/>
      <line num="256" type="stmt" count="17"/>
      <line num="257" type="stmt" count="17"/>
      <line num="259" type="stmt" count="1"/>
      <line num="262" type="stmt" count="17"/>
      <line num="263" type="stmt" count="17"/>
      <line num="264" type="stmt" count="17"/>
      <line num="266" type="stmt" count="1"/>
      <line num="268" type="stmt" count="1"/>
      <line num="269" type="stmt" count="1"/>
      <line num="271" type="stmt" count="17"/>
      <line num="273" type="stmt" count="17"/>
      <line num="274" type="stmt" count="17"/>
      <line num="275" type="stmt" count="19"/>
      <line num="276" type="stmt" count="19"/>
      <line num="277" type="stmt" count="19"/>
      <line num="278" type="stmt" count="19"/>
      <line num="279" type="stmt" count="19"/>
      <line num="280" type="stmt" count="19"/>
      <line num="281" type="stmt" count="1"/>
      <line num="282" type="stmt" count="1"/>
      <line num="283" type="stmt" count="20"/>
      <line num="285" type="stmt" count="20"/>
      <line num="286" type="stmt" count="20"/>
      <line num="288" type="stmt" count="20"/>
      <line num="290" type="stmt" count="1"/>
      <line num="293" type="method" name="parseNumber" visibility="private" complexity="25" crap="25" count="20"/>
      <line num="295" type="stmt" count="20"/>
      <line num="296" type="stmt" count="20"/>
      <line num="298" type="stmt" count="19"/>
      <line num="299" type="stmt" count="19"/>
      <line num="300" type="stmt" count="19"/>
      <line num="301" type="stmt" count="19"/>
      <line num="302" type="stmt" count="19"/>
      <line num="303" type="stmt" count="19"/>
      <line num="304" type="stmt" count="19"/>
      <line num="305" type="stmt" count="19"/>
      <line num="307" type="stmt" count="1"/>
      <line num="309" type="stmt" count="19"/>
      <line num="311" type="stmt" count="1"/>
      <line num="313" type="stmt" count="19"/>
      <line num="314" type="stmt" count="19"/>
      <line num="315" type="stmt" count="19"/>
      <line num="317" type="stmt" count="1"/>
      <line num="319" type="stmt" count="19"/>
      <line num="321" type="stmt" count="1"/>
      <line num="323" type="stmt" count="19"/>
      <line num="324" type="stmt" count="19"/>
      <line num="325" type="stmt" count="19"/>
      <line num="326" type="stmt" count="19"/>
      <line num="328" type="stmt" count="1"/>
      <line num="330" type="stmt" count="19"/>
      <line num="333" type="stmt" count="19"/>
      <line num="335" type="stmt" count="19"/>
      <line num="338" type="stmt" count="19"/>
      <line num="340" type="stmt" count="19"/>
      <line num="342" type="stmt" count="19"/>
      <line num="343" type="stmt" count="19"/>
      <line num="344" type="stmt" count="19"/>
      <line num="347" type="stmt" count="19"/>
      <line num="348" type="stmt" count="19"/>
      <line num="350" type="stmt" count="16"/>
      <line num="351" type="stmt" count="16"/>
      <line num="353" type="stmt" count="19"/>
      <line num="354" type="stmt" count="16"/>
      <line num="356" type="stmt" count="19"/>
      <line num="359" type="method" name="parseArray" visibility="private" complexity="11" crap="11" count="20"/>
      <line num="361" type="stmt" count="20"/>
      <line num="363" type="stmt" count="20"/>
      <line num="365" type="stmt" count="19"/>
      <line num="367" type="stmt" count="1"/>
      <line num="369" type="stmt" count="19"/>
      <line num="370" type="stmt" count="19"/>
      <line num="371" type="stmt" count="19"/>
      <line num="372" type="stmt" count="19"/>
      <line num="373" type="stmt" count="19"/>
      <line num="374" type="stmt" count="19"/>
      <line num="375" type="stmt" count="19"/>
      <line num="377" type="stmt" count="1"/>
      <line num="379" type="stmt" count="19"/>
      <line num="380" type="stmt" count="19"/>
      <line num="382" type="stmt" count="1"/>
      <line num="384" type="stmt" count="19"/>
      <line num="385" type="stmt" count="19"/>
      <line num="386" type="stmt" count="19"/>
      <line num="388" type="stmt" count="1"/>
      <line num="390" type="stmt" count="19"/>
      <line num="391" type="stmt" count="19"/>
      <line num="392" type="stmt" count="19"/>
      <line num="394" type="stmt" count="19"/>
      <line num="396" type="stmt" count="16"/>
      <line num="398" type="stmt" count="19"/>
      <line num="399" type="stmt" count="19"/>
      <line num="401" type="stmt" count="15"/>
      <line num="403" type="stmt" count="19"/>
      <line num="404" type="stmt" count="19"/>
      <line num="405" type="stmt" count="19"/>
      <line num="406" type="stmt" count="19"/>
      <line num="410" type="stmt" count="1"/>
      <line num="419" type="method" name="isJavaScriptKeyword" visibility="private" complexity="3" crap="3" count="5"/>
      <line num="421" type="stmt" count="5"/>
      <line num="422" type="stmt" count="5"/>
      <line num="425" type="stmt" count="5"/>
      <line num="433" type="method" name="parseJSObjectKey" visibility="private" complexity="9" crap="9" count="5"/>
      <line num="435" type="stmt" count="5"/>
      <line num="436" type="stmt" count="5"/>
      <line num="437" type="stmt" count="5"/>
      <line num="439" type="stmt" count="5"/>
      <line num="440" type="stmt" count="5"/>
      <line num="441" type="stmt" count="5"/>
      <line num="444" type="stmt" count="5"/>
      <line num="448" type="stmt" count="5"/>
      <line num="449" type="stmt" count="5"/>
      <line num="452" type="stmt" count="5"/>
      <line num="456" type="method" name="parseObject" visibility="private" complexity="22" crap="22" count="20"/>
      <line num="458" type="stmt" count="20"/>
      <line num="460" type="stmt" count="20"/>
      <line num="462" type="stmt" count="20"/>
      <line num="464" type="stmt" count="1"/>
      <line num="466" type="stmt" count="20"/>
      <line num="467" type="stmt" count="20"/>
      <line num="468" type="stmt" count="20"/>
      <line num="469" type="stmt" count="20"/>
      <line num="470" type="stmt" count="20"/>
      <line num="471" type="stmt" count="20"/>
      <line num="472" type="stmt" count="20"/>
      <line num="474" type="stmt" count="1"/>
      <line num="476" type="stmt" count="20"/>
      <line num="477" type="stmt" count="20"/>
      <line num="479" type="stmt" count="1"/>
      <line num="481" type="stmt" count="19"/>
      <line num="482" type="stmt" count="20"/>
      <line num="483" type="stmt" count="20"/>
      <line num="485" type="stmt" count="1"/>
      <line num="487" type="stmt" count="20"/>
      <line num="488" type="stmt" count="20"/>
      <line num="489" type="stmt" count="20"/>
      <line num="491" type="stmt" count="20"/>
      <line num="493" type="stmt" count="1"/>
      <line num="495" type="stmt" count="20"/>
      <line num="496" type="stmt" count="20"/>
      <line num="498" type="stmt" count="20"/>
      <line num="499" type="stmt" count="20"/>
      <line num="501" type="stmt" count="20"/>
      <line num="503" type="stmt" count="15"/>
      <line num="505" type="stmt" count="5"/>
      <line num="506" type="stmt" count="5"/>
      <line num="508" type="stmt" count="5"/>
      <line num="510" type="stmt" count="15"/>
      <line num="512" type="stmt" count="5"/>
      <line num="513" type="stmt" count="5"/>
      <line num="515" type="stmt" count="5"/>
      <line num="518" type="stmt" count="20"/>
      <line num="520" type="stmt" count="15"/>
      <line num="522" type="stmt" count="20"/>
      <line num="523" type="stmt" count="20"/>
      <line num="525" type="stmt" count="6"/>
      <line num="527" type="stmt" count="20"/>
      <line num="528" type="stmt" count="20"/>
      <line num="530" type="stmt" count="1"/>
      <line num="532" type="stmt" count="20"/>
      <line num="533" type="stmt" count="20"/>
      <line num="535" type="stmt" count="16"/>
      <line num="537" type="stmt" count="20"/>
      <line num="538" type="stmt" count="20"/>
      <line num="539" type="stmt" count="20"/>
      <line num="540" type="stmt" count="20"/>
      <line num="544" type="stmt" count="1"/>
      <line num="554" type="method" name="skipWhitespaces" visibility="private" complexity="6" crap="6" count="20"/>
      <line num="556" type="stmt" count="20"/>
      <line num="557" type="stmt" count="20"/>
      <line num="558" type="stmt" count="20"/>
      <line num="559" type="stmt" count="19"/>
      <line num="562" type="stmt" count="20"/>
      <line num="566" type="stmt" count="20"/>
      <metrics loc="569" ncloc="406" classes="1" methods="16" coveredmethods="16" conditionals="0" coveredconditionals="0" statements="235" coveredstatements="235" elements="251" coveredelements="251"/>
    </file>
    <file name="/home/runner/work/JSONFinder/JSONFinder/src/JSONObject.php">
      <class name="Eboubaker\JSON\JSONObject" namespace="global">
        <metrics complexity="33" methods="8" coveredmethods="8" conditionals="0" coveredconditionals="0" statements="53" coveredstatements="53" elements="61" coveredelements="61"/>
      </class>
      <line num="18" type="method" name="__construct" visibility="public" complexity="5" crap="5" count="28"/>
      <line num="20" type="stmt" count="28"/>
      <line num="21" type="stmt" count="1"/>
      <line num="23" type="stmt" count="28"/>
      <line num="24" type="stmt" count="28"/>
      <line num="25" type="stmt" count="20"/>
      <line num="26" type="stmt" count="1"/>
      <line num="28" type="stmt" count="19"/>
      <line num="39" type="method" name="from" visibility="public" complexity="4" crap="4" count="11"/>
      <line num="41" type="stmt" count="11"/>
      <line num="42" type="stmt" count="1"/>
      <line num="44" type="stmt" count="10"/>
      <line num="45" type="stmt" count="10"/>
      <line num="46" type="stmt" count="10"/>
      <line num="48" type="stmt" count="10"/>
      <line num="55" type="method" name="__toString" visibility="public" complexity="1" crap="1" count="8"/>
      <line num="57" type="stmt" count="8"/>
      <line num="58" type="stmt" count="8"/>
      <line num="64" type="method" name="toReadableString" visibility="public" complexity="1" crap="1" count="1"/>
      <line num="66" type="stmt" count="1"/>
      <line num="72" type="method" name="internal_toReadableString" visibility="public" complexity="11" crap="11" count="2"/>
      <line num="74" type="stmt" count="2"/>
      <line num="75" type="stmt" count="2"/>
      <line num="76" type="stmt" count="2"/>
      <line num="78" type="stmt" count="2"/>
      <line num="79" type="stmt" count="2"/>
      <line num="80" type="stmt" count="2"/>
      <line num="81" type="stmt" count="2"/>
      <line num="82" type="stmt" count="2"/>
      <line num="83" type="stmt" count="2"/>
      <line num="86" type="stmt" count="2"/>
      <line num="87" type="stmt" count="2"/>
      <line num="90" type="stmt" count="2"/>
      <line num="92" type="stmt" count="2"/>
      <line num="93" type="stmt" count="2"/>
      <line num="95" type="stmt" count="2"/>
      <line num="96" type="stmt" count="2"/>
      <line num="98" type="stmt" count="2"/>
      <line num="100" type="stmt" count="2"/>
      <line num="101" type="stmt" count="2"/>
      <line num="103" type="stmt" count="2"/>
      <line num="104" type="stmt" count="2"/>
      <line num="107" type="method" name="offsetSet" visibility="public" complexity="6" crap="6" count="28"/>
      <line num="109" type="stmt" count="28"/>
      <line num="110" type="stmt" count="1"/>
      <line num="112" type="stmt" count="28"/>
      <line num="113" type="stmt" count="1"/>
      <line num="114" type="stmt" count="1"/>
      <line num="116" type="stmt" count="1"/>
      <line num="118" type="stmt" count="28"/>
      <line num="128" type="method" name="sort" visibility="public" complexity="2" crap="2" count="1"/>
      <line num="130" type="stmt" count="1"/>
      <line num="132" type="stmt" count="1"/>
      <line num="133" type="stmt" count="1"/>
      <line num="135" type="stmt" count="1"/>
      <line num="144" type="method" name="filter" visibility="public" complexity="3" crap="3" count="1"/>
      <line num="146" type="stmt" count="1"/>
      <line num="147" type="stmt" count="1"/>
      <line num="148" type="stmt" count="1"/>
      <line num="149" type="stmt" count="1"/>
      <line num="152" type="stmt" count="1"/>
      <metrics loc="155" ncloc="114" classes="1" methods="8" coveredmethods="8" conditionals="0" coveredconditionals="0" statements="53" coveredstatements="53" elements="61" coveredelements="61"/>
    </file>
    <file name="/home/runner/work/JSONFinder/JSONFinder/src/JSONValue.php">
      <class name="Eboubaker\JSON\JSONValue" namespace="global">
        <metrics complexity="35" methods="8" coveredmethods="8" conditionals="0" coveredconditionals="0" statements="44" coveredstatements="44" elements="52" coveredelements="52"/>
      </class>
      <line num="25" type="method" name="__construct" visibility="public" complexity="1" crap="1" count="31"/>
      <line num="27" type="stmt" count="31"/>
      <line num="34" type="method" name="allowedValue" visibility="public" complexity="6" crap="6" count="31"/>
      <line num="36" type="stmt" count="31"/>
      <line num="39" type="method" name="isContainer" visibility="public" complexity="1" crap="1" count="2"/>
      <line num="41" type="stmt" count="2"/>
      <line num="47" type="method" name="value" visibility="public" complexity="1" crap="1" count="24"/>
      <line num="49" type="stmt" count="24"/>
      <line num="56" type="method" name="set" visibility="public" complexity="2" crap="2" count="31"/>
      <line num="58" type="stmt" count="31"/>
      <line num="59" type="stmt" count="31"/>
      <line num="61" type="stmt" count="1"/>
      <line num="65" type="method" name="__toString" visibility="public" complexity="19" crap="19" count="10"/>
      <line num="67" type="stmt" count="10"/>
      <line num="68" type="stmt" count="6"/>
      <line num="69" type="stmt" count="6"/>
      <line num="70" type="stmt" count="4"/>
      <line num="72" type="stmt" count="6"/>
      <line num="74" type="stmt" count="10"/>
      <line num="75" type="stmt" count="7"/>
      <line num="76" type="stmt" count="10"/>
      <line num="77" type="stmt" count="6"/>
      <line num="78" type="stmt" count="10"/>
      <line num="79" type="stmt" count="3"/>
      <line num="80" type="stmt" count="10"/>
      <line num="81" type="stmt" count="9"/>
      <line num="82" type="stmt" count="9"/>
      <line num="83" type="stmt" count="9"/>
      <line num="84" type="stmt" count="9"/>
      <line num="85" type="stmt" count="9"/>
      <line num="86" type="stmt" count="9"/>
      <line num="87" type="stmt" count="9"/>
      <line num="88" type="stmt" count="9"/>
      <line num="89" type="stmt" count="9"/>
      <line num="90" type="stmt" count="9"/>
      <line num="91" type="stmt" count="9"/>
      <line num="92" type="stmt" count="9"/>
      <line num="93" type="stmt" count="9"/>
      <line num="95" type="stmt" count="9"/>
      <line num="96" type="stmt" count="9"/>
      <line num="97" type="stmt" count="2"/>
      <line num="98" type="stmt" count="1"/>
      <line num="100" type="stmt" count="1"/>
      <line num="112" type="method" name="equals" visibility="public" complexity="3" crap="3" count="3"/>
      <line num="114" type="stmt" count="3"/>
      <line num="115" type="stmt" count="3"/>
      <line num="117" type="stmt" count="3"/>
      <line num="118" type="stmt" count="3"/>
      <line num="120" type="stmt" count="2"/>
      <line num="124" type="method" name="matches" visibility="public" complexity="2" crap="2" count="2"/>
      <line num="126" type="stmt" count="2"/>
      <line num="127" type="stmt" count="2"/>
      <metrics loc="130" ncloc="98" classes="1" methods="8" coveredmethods="8" conditionals="0" coveredconditionals="0" statements="44" coveredstatements="44" elements="52" coveredelements="52"/>
    </file>
    <file name="/home/runner/work/JSONFinder/JSONFinder/src/JTokenStruct.php">
      <class name="Eboubaker\JSON\JTokenStruct" namespace="global">
        <metrics complexity="1" methods="1" coveredmethods="1" conditionals="0" coveredconditionals="0" statements="2" coveredstatements="2" elements="3" coveredelements="3"/>
      </class>
      <line num="21" type="method" name="__construct" visibility="public" complexity="1" crap="1" count="20"/>
      <line num="23" type="stmt" count="20"/>
      <line num="24" type="stmt" count="20"/>
      <metrics loc="27" ncloc="18" classes="1" methods="1" coveredmethods="1" conditionals="0" coveredconditionals="0" statements="2" coveredstatements="2" elements="3" coveredelements="3"/>
    </file>
    <file name="/home/runner/work/JSONFinder/JSONFinder/src/Utils.php">
      <class name="Eboubaker\JSON\Utils" namespace="global">
        <metrics complexity="6" methods="1" coveredmethods="1" conditionals="0" coveredconditionals="0" statements="9" coveredstatements="9" elements="10" coveredelements="10"/>
      </class>
      <line num="11" type="method" name="typeof" visibility="public" complexity="6" crap="6" count="3"/>
      <line num="13" type="stmt" count="3"/>
      <line num="14" type="stmt" count="1"/>
      <line num="15" type="stmt" count="3"/>
      <line num="16" type="stmt" count="3"/>
      <line num="17" type="stmt" count="3"/>
      <line num="18" type="stmt" count="2"/>
      <line num="19" type="stmt" count="3"/>
      <line num="20" type="stmt" count="1"/>
      <line num="22" type="stmt" count="2"/>
      <metrics loc="26" ncloc="22" classes="1" methods="1" coveredmethods="1" conditionals="0" coveredconditionals="0" statements="9" coveredstatements="9" elements="10" coveredelements="10"/>
    </file>
    <metrics files="9" loc="1716" ncloc="1240" classes="7" methods="71" coveredmethods="71" conditionals="0" coveredconditionals="0" statements="592" coveredstatements="592" elements="663" coveredelements="663"/>
  </project>
</coverage>
