<?xml version="1.0" encoding="UTF-8"?>
<coverage generated="1650144352">
  <project timestamp="1650144352">
    <file name="/home/runner/work/JSONFinder/JSONFinder/src/Contracts/JSONEntry.php">
      <metrics loc="39" ncloc="19" classes="0" methods="0" coveredmethods="0" conditionals="0" coveredconditionals="0" statements="0" coveredstatements="0" elements="0" coveredelements="0"/>
    </file>
    <file name="/home/runner/work/JSONFinder/JSONFinder/src/Contracts/JSONStringable.php">
      <metrics loc="22" ncloc="11" classes="0" methods="0" coveredmethods="0" conditionals="0" coveredconditionals="0" statements="0" coveredstatements="0" elements="0" coveredelements="0"/>
    </file>
    <file name="/home/runner/work/JSONFinder/JSONFinder/src/JSONArray.php">
      <class name="Eboubaker\JSON\JSONArray" namespace="global">
        <metrics complexity="28" methods="7" coveredmethods="7" conditionals="0" coveredconditionals="0" statements="43" coveredstatements="43" elements="50" coveredelements="50"/>
      </class>
      <line num="21" type="method" name="__construct" visibility="public" complexity="5" crap="5" count="27"/>
      <line num="23" type="stmt" count="27"/>
      <line num="24" type="stmt" count="1"/>
      <line num="26" type="stmt" count="27"/>
      <line num="27" type="stmt" count="27"/>
      <line num="28" type="stmt" count="19"/>
      <line num="29" type="stmt" count="1"/>
      <line num="31" type="stmt" count="18"/>
      <line num="42" type="method" name="from" visibility="public" complexity="4" crap="4" count="8"/>
      <line num="44" type="stmt" count="8"/>
      <line num="45" type="stmt" count="1"/>
      <line num="47" type="stmt" count="8"/>
      <line num="48" type="stmt" count="8"/>
      <line num="49" type="stmt" count="8"/>
      <line num="51" type="stmt" count="7"/>
      <line num="58" type="method" name="__toString" visibility="public" complexity="1" crap="1" count="6"/>
      <line num="60" type="stmt" count="6"/>
      <line num="66" type="method" name="toReadableString" visibility="public" complexity="1" crap="1" count="2"/>
      <line num="68" type="stmt" count="2"/>
      <line num="74" type="method" name="__toReadableString" visibility="public" complexity="10" crap="10" count="2"/>
      <line num="76" type="stmt" count="2"/>
      <line num="77" type="stmt" count="2"/>
      <line num="78" type="stmt" count="2"/>
      <line num="80" type="stmt" count="2"/>
      <line num="81" type="stmt" count="2"/>
      <line num="82" type="stmt" count="2"/>
      <line num="84" type="stmt" count="2"/>
      <line num="85" type="stmt" count="2"/>
      <line num="88" type="stmt" count="2"/>
      <line num="90" type="stmt" count="2"/>
      <line num="91" type="stmt" count="2"/>
      <line num="93" type="stmt" count="2"/>
      <line num="94" type="stmt" count="2"/>
      <line num="96" type="stmt" count="2"/>
      <line num="98" type="stmt" count="2"/>
      <line num="99" type="stmt" count="2"/>
      <line num="101" type="stmt" count="2"/>
      <line num="102" type="stmt" count="2"/>
      <line num="105" type="method" name="offsetSet" visibility="public" complexity="5" crap="5" count="27"/>
      <line num="107" type="stmt" count="27"/>
      <line num="108" type="stmt" count="2"/>
      <line num="110" type="stmt" count="27"/>
      <line num="111" type="stmt" count="1"/>
      <line num="112" type="stmt" count="1"/>
      <line num="114" type="stmt" count="1"/>
      <line num="116" type="stmt" count="27"/>
      <line num="119" type="method" name="unserialize" visibility="public" complexity="2" crap="2" count="2"/>
      <line num="121" type="stmt" count="2"/>
      <line num="122" type="stmt" count="1"/>
      <line num="124" type="stmt" count="2"/>
      <metrics loc="127" ncloc="99" classes="1" methods="7" coveredmethods="7" conditionals="0" coveredconditionals="0" statements="43" coveredstatements="43" elements="50" coveredelements="50"/>
    </file>
    <file name="/home/runner/work/JSONFinder/JSONFinder/src/JSONContainer.php">
      <class name="Eboubaker\JSON\JSONContainer" namespace="global">
        <metrics complexity="130" methods="29" coveredmethods="29" conditionals="0" coveredconditionals="0" statements="196" coveredstatements="196" elements="225" coveredelements="225"/>
      </class>
      <line num="34" type="method" name="toEntry" visibility="public" complexity="5" crap="5" count="11"/>
      <line num="36" type="stmt" count="11"/>
      <line num="37" type="stmt" count="11"/>
      <line num="38" type="stmt" count="6"/>
      <line num="40" type="stmt" count="11"/>
      <line num="43" type="stmt" count="1"/>
      <line num="51" type="method" name="iterable_to_container" visibility="private" complexity="10" crap="10" count="6"/>
      <line num="53" type="stmt" count="6"/>
      <line num="54" type="stmt" count="6"/>
      <line num="55" type="stmt" count="6"/>
      <line num="56" type="stmt" count="6"/>
      <line num="57" type="stmt" count="6"/>
      <line num="58" type="stmt" count="5"/>
      <line num="59" type="stmt" count="5"/>
      <line num="60" type="stmt" count="4"/>
      <line num="61" type="stmt" count="4"/>
      <line num="62" type="stmt" count="1"/>
      <line num="63" type="stmt" count="1"/>
      <line num="64" type="stmt" count="1"/>
      <line num="69" type="stmt" count="6"/>
      <line num="70" type="stmt" count="4"/>
      <line num="71" type="stmt" count="3"/>
      <line num="73" type="stmt" count="1"/>
      <line num="76" type="stmt" count="6"/>
      <line num="77" type="stmt" count="5"/>
      <line num="79" type="stmt" count="5"/>
      <line num="84" type="method" name="offsetSet" visibility="public" complexity="2" crap="2" count="29"/>
      <line num="86" type="stmt" count="29"/>
      <line num="87" type="stmt" count="3"/>
      <line num="89" type="stmt" count="28"/>
      <line num="93" type="method" name="isContainer" visibility="public" complexity="1" crap="1" count="2"/>
      <line num="95" type="stmt" count="2"/>
      <line num="103" type="method" name="value" visibility="public" complexity="1" crap="1" count="2"/>
      <line num="105" type="stmt" count="2"/>
      <line num="111" type="method" name="countAll" visibility="public" complexity="3" crap="3" count="2"/>
      <line num="113" type="stmt" count="2"/>
      <line num="114" type="stmt" count="2"/>
      <line num="115" type="stmt" count="2"/>
      <line num="116" type="stmt" count="2"/>
      <line num="118" type="stmt" count="2"/>
      <line num="121" type="stmt" count="2"/>
      <line num="129" type="method" name="values" visibility="public" complexity="4" crap="4" count="4"/>
      <line num="131" type="stmt" count="4"/>
      <line num="132" type="stmt" count="4"/>
      <line num="133" type="stmt" count="4"/>
      <line num="134" type="stmt" count="4"/>
      <line num="137" type="stmt" count="4"/>
      <line num="145" type="method" name="count" visibility="public" complexity="1" crap="1" count="22"/>
      <line num="147" type="stmt" count="22"/>
      <line num="150" type="method" name="offsetExists" visibility="public" complexity="1" crap="1" count="8"/>
      <line num="152" type="stmt" count="8"/>
      <line num="155" type="method" name="offsetGet" visibility="public" complexity="1" crap="1" count="14"/>
      <line num="159" type="stmt" count="14"/>
      <line num="162" type="method" name="offsetUnset" visibility="public" complexity="1" crap="1" count="1"/>
      <line num="164" type="stmt" count="1"/>
      <line num="167" type="method" name="getIterator" visibility="public" complexity="1" crap="1" count="5"/>
      <line num="169" type="stmt" count="5"/>
      <line num="176" type="method" name="entries" visibility="public" complexity="1" crap="1" count="1"/>
      <line num="178" type="stmt" count="1"/>
      <line num="185" type="method" name="assoc" visibility="public" complexity="3" crap="3" count="1"/>
      <line num="187" type="stmt" count="1"/>
      <line num="188" type="stmt" count="1"/>
      <line num="189" type="stmt" count="1"/>
      <line num="190" type="stmt" count="1"/>
      <line num="192" type="stmt" count="1"/>
      <line num="195" type="stmt" count="1"/>
      <line num="198" type="method" name="serialize" visibility="public" complexity="1" crap="1" count="2"/>
      <line num="200" type="stmt" count="2"/>
      <line num="208" type="method" name="containers" visibility="public" complexity="3" crap="3" count="1"/>
      <line num="210" type="stmt" count="1"/>
      <line num="211" type="stmt" count="1"/>
      <line num="212" type="stmt" count="1"/>
      <line num="213" type="stmt" count="1"/>
      <line num="216" type="stmt" count="1"/>
      <line num="223" type="method" name="containersIterator" visibility="public" complexity="3" crap="3" count="5"/>
      <line num="225" type="stmt" count="5"/>
      <line num="226" type="stmt" count="5"/>
      <line num="227" type="stmt" count="5"/>
      <line num="235" type="method" name="first" visibility="public" complexity="2" crap="2" count="1"/>
      <line num="237" type="stmt" count="1"/>
      <line num="243" type="method" name="last" visibility="public" complexity="2" crap="2" count="1"/>
      <line num="245" type="stmt" count="1"/>
      <line num="251" type="method" name="isEmpty" visibility="public" complexity="1" crap="1" count="1"/>
      <line num="253" type="stmt" count="1"/>
      <line num="256" type="method" name="matches" visibility="public" complexity="1" crap="1" count="2"/>
      <line num="259" type="stmt" count="2"/>
      <line num="267" type="method" name="has" visibility="public" complexity="1" crap="1" count="1"/>
      <line num="270" type="stmt" count="1"/>
      <line num="279" type="method" name="get" visibility="public" complexity="6" crap="6" count="3"/>
      <line num="281" type="stmt" count="3"/>
      <line num="282" type="stmt" count="3"/>
      <line num="283" type="stmt" count="3"/>
      <line num="284" type="stmt" count="2"/>
      <line num="286" type="stmt" count="3"/>
      <line num="287" type="stmt" count="3"/>
      <line num="288" type="stmt" count="3"/>
      <line num="289" type="stmt" count="3"/>
      <line num="302" type="method" name="getAll" visibility="public" complexity="5" crap="5" count="2"/>
      <line num="304" type="stmt" count="2"/>
      <line num="305" type="stmt" count="2"/>
      <line num="306" type="stmt" count="2"/>
      <line num="307" type="stmt" count="1"/>
      <line num="309" type="stmt" count="2"/>
      <line num="310" type="stmt" count="2"/>
      <line num="311" type="stmt" count="2"/>
      <line num="317" type="method" name="internal_get" visibility="private" complexity="16" crap="16" count="3"/>
      <line num="319" type="stmt" count="3"/>
      <line num="320" type="stmt" count="3"/>
      <line num="321" type="stmt" count="3"/>
      <line num="322" type="stmt" count="3"/>
      <line num="323" type="stmt" count="2"/>
      <line num="324" type="stmt" count="2"/>
      <line num="325" type="stmt" count="2"/>
      <line num="328" type="stmt" count="2"/>
      <line num="329" type="stmt" count="2"/>
      <line num="330" type="stmt" count="2"/>
      <line num="331" type="stmt" count="2"/>
      <line num="335" type="stmt" count="2"/>
      <line num="336" type="stmt" count="2"/>
      <line num="337" type="stmt" count="2"/>
      <line num="338" type="stmt" count="2"/>
      <line num="342" type="stmt" count="3"/>
      <line num="343" type="stmt" count="2"/>
      <line num="344" type="stmt" count="2"/>
      <line num="345" type="stmt" count="2"/>
      <line num="348" type="stmt" count="2"/>
      <line num="349" type="stmt" count="2"/>
      <line num="350" type="stmt" count="2"/>
      <line num="351" type="stmt" count="2"/>
      <line num="356" type="stmt" count="3"/>
      <line num="357" type="stmt" count="3"/>
      <line num="358" type="stmt" count="3"/>
      <line num="359" type="stmt" count="3"/>
      <line num="361" type="stmt" count="3"/>
      <line num="362" type="stmt" count="3"/>
      <line num="367" type="stmt" count="2"/>
      <line num="373" type="method" name="internal_getAll" visibility="private" complexity="30" crap="30" count="2"/>
      <line num="375" type="stmt" count="2"/>
      <line num="376" type="stmt" count="2"/>
      <line num="377" type="stmt" count="2"/>
      <line num="378" type="stmt" count="2"/>
      <line num="379" type="stmt" count="2"/>
      <line num="380" type="stmt" count="2"/>
      <line num="382" type="stmt" count="1"/>
      <line num="383" type="stmt" count="1"/>
      <line num="384" type="stmt" count="1"/>
      <line num="385" type="stmt" count="1"/>
      <line num="387" type="stmt" count="1"/>
      <line num="392" type="stmt" count="2"/>
      <line num="393" type="stmt" count="2"/>
      <line num="394" type="stmt" count="2"/>
      <line num="395" type="stmt" count="1"/>
      <line num="397" type="stmt" count="2"/>
      <line num="402" type="stmt" count="2"/>
      <line num="403" type="stmt" count="2"/>
      <line num="404" type="stmt" count="2"/>
      <line num="405" type="stmt" count="1"/>
      <line num="407" type="stmt" count="2"/>
      <line num="412" type="stmt" count="2"/>
      <line num="413" type="stmt" count="2"/>
      <line num="415" type="stmt" count="2"/>
      <line num="416" type="stmt" count="2"/>
      <line num="417" type="stmt" count="2"/>
      <line num="418" type="stmt" count="1"/>
      <line num="420" type="stmt" count="2"/>
      <line num="425" type="stmt" count="2"/>
      <line num="426" type="stmt" count="2"/>
      <line num="427" type="stmt" count="2"/>
      <line num="428" type="stmt" count="1"/>
      <line num="430" type="stmt" count="2"/>
      <line num="437" type="stmt" count="2"/>
      <line num="438" type="stmt" count="2"/>
      <line num="440" type="stmt" count="2"/>
      <line num="442" type="stmt" count="2"/>
      <line num="444" type="stmt" count="2"/>
      <line num="445" type="stmt" count="1"/>
      <line num="447" type="stmt" count="2"/>
      <line num="452" type="stmt" count="2"/>
      <line num="453" type="stmt" count="2"/>
      <line num="454" type="stmt" count="2"/>
      <line num="455" type="stmt" count="1"/>
      <line num="457" type="stmt" count="2"/>
      <line num="464" type="stmt" count="2"/>
      <line num="478" type="method" name="search" visibility="public" complexity="10" crap="10" count="1"/>
      <line num="480" type="stmt" count="1"/>
      <line num="481" type="stmt" count="1"/>
      <line num="482" type="stmt" count="1"/>
      <line num="483" type="stmt" count="1"/>
      <line num="485" type="stmt" count="1"/>
      <line num="487" type="stmt" count="1"/>
      <line num="488" type="stmt" count="1"/>
      <line num="489" type="stmt" count="1"/>
      <line num="491" type="stmt" count="1"/>
      <line num="494" type="stmt" count="1"/>
      <line num="495" type="stmt" count="1"/>
      <line num="496" type="stmt" count="1"/>
      <line num="497" type="stmt" count="1"/>
      <line num="498" type="stmt" count="1"/>
      <line num="500" type="stmt" count="1"/>
      <line num="501" type="stmt" count="1"/>
      <line num="503" type="stmt" count="1"/>
      <line num="511" type="method" name="internal_search" visibility="private" complexity="6" crap="6" count="1"/>
      <line num="514" type="stmt" count="1"/>
      <line num="515" type="stmt" count="1"/>
      <line num="516" type="stmt" count="1"/>
      <line num="518" type="stmt" count="1"/>
      <line num="520" type="stmt" count="1"/>
      <line num="523" type="stmt" count="1"/>
      <line num="525" type="stmt" count="1"/>
      <line num="528" type="stmt" count="1"/>
      <line num="529" type="stmt" count="1"/>
      <line num="530" type="stmt" count="1"/>
      <line num="531" type="stmt" count="1"/>
      <line num="534" type="stmt" count="1"/>
      <line num="542" type="method" name="equals" visibility="public" complexity="8" crap="8" count="3"/>
      <line num="544" type="stmt" count="3"/>
      <line num="545" type="stmt" count="3"/>
      <line num="546" type="stmt" count="3"/>
      <line num="547" type="stmt" count="3"/>
      <line num="548" type="stmt" count="3"/>
      <line num="549" type="stmt" count="3"/>
      <line num="550" type="stmt" count="3"/>
      <line num="554" type="stmt" count="3"/>
      <line num="555" type="stmt" count="1"/>
      <line num="559" type="stmt" count="2"/>
      <metrics loc="569" ncloc="425" classes="1" methods="29" coveredmethods="29" conditionals="0" coveredconditionals="0" statements="196" coveredstatements="196" elements="225" coveredelements="225"/>
    </file>
    <file name="/home/runner/work/JSONFinder/JSONFinder/src/JSONFinder.php">
      <class name="Eboubaker\JSON\JSONFinder" namespace="global">
        <metrics complexity="145" methods="16" coveredmethods="16" conditionals="0" coveredconditionals="0" statements="237" coveredstatements="237" elements="253" coveredelements="253"/>
      </class>
      <line num="86" type="method" name="__construct" visibility="private" complexity="3" crap="3" count="19"/>
      <line num="88" type="stmt" count="19"/>
      <line num="89" type="stmt" count="1"/>
      <line num="91" type="stmt" count="19"/>
      <line num="92" type="stmt" count="19"/>
      <line num="101" type="method" name="make" visibility="public" complexity="1" crap="1" count="19"/>
      <line num="103" type="stmt" count="19"/>
      <line num="110" type="method" name="findEntries" visibility="public" complexity="4" crap="4" count="18"/>
      <line num="112" type="stmt" count="18"/>
      <line num="113" type="stmt" count="18"/>
      <line num="114" type="stmt" count="18"/>
      <line num="115" type="stmt" count="18"/>
      <line num="116" type="stmt" count="18"/>
      <line num="117" type="stmt" count="18"/>
      <line num="119" type="stmt" count="18"/>
      <line num="121" type="stmt" count="18"/>
      <line num="123" type="stmt" count="18"/>
      <line num="126" type="stmt" count="18"/>
      <line num="129" type="stmt" count="18"/>
      <line num="135" type="method" name="isAllowedEntry" visibility="private" complexity="18" crap="18" count="18"/>
      <line num="137" type="stmt" count="18"/>
      <line num="138" type="stmt" count="14"/>
      <line num="139" type="stmt" count="14"/>
      <line num="140" type="stmt" count="13"/>
      <line num="141" type="stmt" count="14"/>
      <line num="143" type="stmt" count="18"/>
      <line num="144" type="stmt" count="17"/>
      <line num="145" type="stmt" count="17"/>
      <line num="147" type="stmt" count="13"/>
      <line num="149" type="stmt" count="15"/>
      <line num="150" type="stmt" count="15"/>
      <line num="151" type="stmt" count="15"/>
      <line num="153" type="stmt" count="13"/>
      <line num="156" type="stmt" count="1"/>
      <line num="168" type="method" name="parse" visibility="private" complexity="8" crap="8" count="18"/>
      <line num="170" type="stmt" count="18"/>
      <line num="171" type="stmt" count="5"/>
      <line num="174" type="stmt" count="18"/>
      <line num="175" type="stmt" count="18"/>
      <line num="176" type="stmt" count="18"/>
      <line num="177" type="stmt" count="18"/>
      <line num="178" type="stmt" count="18"/>
      <line num="179" type="stmt" count="18"/>
      <line num="183" type="method" name="parseNull" visibility="private" complexity="4" crap="4" count="18"/>
      <line num="185" type="stmt" count="18"/>
      <line num="186" type="stmt" count="13"/>
      <line num="187" type="stmt" count="18"/>
      <line num="190" type="stmt" count="1"/>
      <line num="192" type="stmt" count="18"/>
      <line num="196" type="method" name="parseBoolean" visibility="private" complexity="3" crap="3" count="18"/>
      <line num="198" type="stmt" count="18"/>
      <line num="199" type="stmt" count="16"/>
      <line num="200" type="stmt" count="18"/>
      <line num="201" type="stmt" count="13"/>
      <line num="203" type="stmt" count="18"/>
      <line num="209" type="method" name="unicode_to_utf8" visibility="private" complexity="5" crap="5" count="15"/>
      <line num="211" type="stmt" count="15"/>
      <line num="212" type="stmt" count="15"/>
      <line num="213" type="stmt" count="1"/>
      <line num="214" type="stmt" count="1"/>
      <line num="215" type="stmt" count="1"/>
      <line num="222" type="method" name="surrogate_to_utf16" visibility="private" complexity="1" crap="1" count="1"/>
      <line num="224" type="stmt" count="1"/>
      <line num="230" type="method" name="parseString" visibility="private" complexity="22" crap="22" count="18"/>
      <line num="232" type="stmt" count="18"/>
      <line num="233" type="stmt" count="18"/>
      <line num="235" type="stmt" count="18"/>
      <line num="236" type="stmt" count="18"/>
      <line num="237" type="stmt" count="18"/>
      <line num="238" type="stmt" count="18"/>
      <line num="239" type="stmt" count="18"/>
      <line num="240" type="stmt" count="18"/>
      <line num="241" type="stmt" count="18"/>
      <line num="243" type="stmt" count="18"/>
      <line num="244" type="stmt" count="18"/>
      <line num="245" type="stmt" count="18"/>
      <line num="246" type="stmt" count="15"/>
      <line num="247" type="stmt" count="15"/>
      <line num="249" type="stmt" count="1"/>
      <line num="252" type="stmt" count="15"/>
      <line num="253" type="stmt" count="15"/>
      <line num="254" type="stmt" count="15"/>
      <line num="256" type="stmt" count="1"/>
      <line num="258" type="stmt" count="1"/>
      <line num="259" type="stmt" count="1"/>
      <line num="261" type="stmt" count="15"/>
      <line num="263" type="stmt" count="15"/>
      <line num="264" type="stmt" count="15"/>
      <line num="266" type="stmt" count="17"/>
      <line num="267" type="stmt" count="17"/>
      <line num="268" type="stmt" count="17"/>
      <line num="269" type="stmt" count="17"/>
      <line num="270" type="stmt" count="17"/>
      <line num="271" type="stmt" count="17"/>
      <line num="272" type="stmt" count="1"/>
      <line num="273" type="stmt" count="1"/>
      <line num="277" type="stmt" count="18"/>
      <line num="280" type="stmt" count="18"/>
      <line num="281" type="stmt" count="18"/>
      <line num="282" type="stmt" count="18"/>
      <line num="285" type="stmt" count="1"/>
      <line num="295" type="method" name="parseJSObjectKey" visibility="private" complexity="9" crap="9" count="5"/>
      <line num="297" type="stmt" count="5"/>
      <line num="298" type="stmt" count="5"/>
      <line num="299" type="stmt" count="5"/>
      <line num="301" type="stmt" count="5"/>
      <line num="302" type="stmt" count="5"/>
      <line num="303" type="stmt" count="5"/>
      <line num="306" type="stmt" count="5"/>
      <line num="311" type="stmt" count="5"/>
      <line num="312" type="stmt" count="5"/>
      <line num="315" type="stmt" count="5"/>
      <line num="323" type="method" name="isJavaScriptKeyword" visibility="private" complexity="3" crap="3" count="5"/>
      <line num="325" type="stmt" count="5"/>
      <line num="326" type="stmt" count="5"/>
      <line num="329" type="stmt" count="5"/>
      <line num="335" type="method" name="parseNumber" visibility="private" complexity="25" crap="25" count="18"/>
      <line num="337" type="stmt" count="18"/>
      <line num="338" type="stmt" count="18"/>
      <line num="340" type="stmt" count="17"/>
      <line num="341" type="stmt" count="17"/>
      <line num="342" type="stmt" count="17"/>
      <line num="343" type="stmt" count="17"/>
      <line num="344" type="stmt" count="17"/>
      <line num="345" type="stmt" count="17"/>
      <line num="346" type="stmt" count="17"/>
      <line num="347" type="stmt" count="17"/>
      <line num="349" type="stmt" count="1"/>
      <line num="351" type="stmt" count="17"/>
      <line num="353" type="stmt" count="1"/>
      <line num="355" type="stmt" count="17"/>
      <line num="356" type="stmt" count="17"/>
      <line num="357" type="stmt" count="17"/>
      <line num="359" type="stmt" count="1"/>
      <line num="361" type="stmt" count="17"/>
      <line num="363" type="stmt" count="1"/>
      <line num="365" type="stmt" count="17"/>
      <line num="366" type="stmt" count="17"/>
      <line num="367" type="stmt" count="17"/>
      <line num="368" type="stmt" count="17"/>
      <line num="370" type="stmt" count="1"/>
      <line num="372" type="stmt" count="17"/>
      <line num="375" type="stmt" count="17"/>
      <line num="377" type="stmt" count="17"/>
      <line num="380" type="stmt" count="17"/>
      <line num="382" type="stmt" count="17"/>
      <line num="384" type="stmt" count="17"/>
      <line num="385" type="stmt" count="17"/>
      <line num="386" type="stmt" count="17"/>
      <line num="389" type="stmt" count="17"/>
      <line num="390" type="stmt" count="17"/>
      <line num="392" type="stmt" count="14"/>
      <line num="393" type="stmt" count="14"/>
      <line num="395" type="stmt" count="17"/>
      <line num="396" type="stmt" count="14"/>
      <line num="398" type="stmt" count="17"/>
      <line num="401" type="method" name="parseArray" visibility="private" complexity="11" crap="11" count="18"/>
      <line num="403" type="stmt" count="18"/>
      <line num="405" type="stmt" count="18"/>
      <line num="407" type="stmt" count="17"/>
      <line num="409" type="stmt" count="1"/>
      <line num="411" type="stmt" count="17"/>
      <line num="412" type="stmt" count="17"/>
      <line num="413" type="stmt" count="17"/>
      <line num="414" type="stmt" count="17"/>
      <line num="415" type="stmt" count="17"/>
      <line num="416" type="stmt" count="17"/>
      <line num="417" type="stmt" count="17"/>
      <line num="419" type="stmt" count="1"/>
      <line num="421" type="stmt" count="17"/>
      <line num="422" type="stmt" count="17"/>
      <line num="424" type="stmt" count="1"/>
      <line num="426" type="stmt" count="17"/>
      <line num="427" type="stmt" count="17"/>
      <line num="428" type="stmt" count="17"/>
      <line num="430" type="stmt" count="1"/>
      <line num="432" type="stmt" count="17"/>
      <line num="433" type="stmt" count="17"/>
      <line num="434" type="stmt" count="17"/>
      <line num="436" type="stmt" count="17"/>
      <line num="438" type="stmt" count="14"/>
      <line num="440" type="stmt" count="17"/>
      <line num="441" type="stmt" count="17"/>
      <line num="443" type="stmt" count="13"/>
      <line num="445" type="stmt" count="17"/>
      <line num="446" type="stmt" count="17"/>
      <line num="447" type="stmt" count="17"/>
      <line num="448" type="stmt" count="17"/>
      <line num="452" type="stmt" count="1"/>
      <line num="455" type="method" name="parseObject" visibility="private" complexity="22" crap="22" count="18"/>
      <line num="457" type="stmt" count="18"/>
      <line num="459" type="stmt" count="18"/>
      <line num="461" type="stmt" count="18"/>
      <line num="463" type="stmt" count="1"/>
      <line num="465" type="stmt" count="18"/>
      <line num="466" type="stmt" count="18"/>
      <line num="467" type="stmt" count="18"/>
      <line num="468" type="stmt" count="18"/>
      <line num="469" type="stmt" count="18"/>
      <line num="470" type="stmt" count="18"/>
      <line num="471" type="stmt" count="18"/>
      <line num="473" type="stmt" count="1"/>
      <line num="475" type="stmt" count="18"/>
      <line num="476" type="stmt" count="18"/>
      <line num="478" type="stmt" count="1"/>
      <line num="480" type="stmt" count="17"/>
      <line num="481" type="stmt" count="18"/>
      <line num="482" type="stmt" count="18"/>
      <line num="484" type="stmt" count="1"/>
      <line num="486" type="stmt" count="18"/>
      <line num="487" type="stmt" count="18"/>
      <line num="488" type="stmt" count="18"/>
      <line num="490" type="stmt" count="18"/>
      <line num="492" type="stmt" count="1"/>
      <line num="494" type="stmt" count="18"/>
      <line num="495" type="stmt" count="18"/>
      <line num="497" type="stmt" count="18"/>
      <line num="498" type="stmt" count="18"/>
      <line num="500" type="stmt" count="18"/>
      <line num="502" type="stmt" count="13"/>
      <line num="504" type="stmt" count="5"/>
      <line num="505" type="stmt" count="5"/>
      <line num="507" type="stmt" count="5"/>
      <line num="509" type="stmt" count="13"/>
      <line num="511" type="stmt" count="5"/>
      <line num="512" type="stmt" count="5"/>
      <line num="514" type="stmt" count="5"/>
      <line num="517" type="stmt" count="18"/>
      <line num="519" type="stmt" count="13"/>
      <line num="521" type="stmt" count="18"/>
      <line num="522" type="stmt" count="18"/>
      <line num="524" type="stmt" count="1"/>
      <line num="526" type="stmt" count="18"/>
      <line num="528" type="stmt" count="5"/>
      <line num="530" type="stmt" count="18"/>
      <line num="531" type="stmt" count="18"/>
      <line num="532" type="stmt" count="18"/>
      <line num="534" type="stmt" count="1"/>
      <line num="536" type="stmt" count="18"/>
      <line num="537" type="stmt" count="18"/>
      <line num="539" type="stmt" count="14"/>
      <line num="541" type="stmt" count="18"/>
      <line num="542" type="stmt" count="18"/>
      <line num="543" type="stmt" count="18"/>
      <line num="544" type="stmt" count="18"/>
      <line num="548" type="stmt" count="1"/>
      <line num="558" type="method" name="skipWhitespaces" visibility="private" complexity="6" crap="6" count="18"/>
      <line num="560" type="stmt" count="18"/>
      <line num="561" type="stmt" count="18"/>
      <line num="562" type="stmt" count="18"/>
      <line num="563" type="stmt" count="17"/>
      <line num="566" type="stmt" count="18"/>
      <line num="570" type="stmt" count="18"/>
      <metrics loc="573" ncloc="415" classes="1" methods="16" coveredmethods="16" conditionals="0" coveredconditionals="0" statements="237" coveredstatements="237" elements="253" coveredelements="253"/>
    </file>
    <file name="/home/runner/work/JSONFinder/JSONFinder/src/JSONObject.php">
      <class name="Eboubaker\JSON\JSONObject" namespace="global">
        <metrics complexity="30" methods="7" coveredmethods="7" conditionals="0" coveredconditionals="0" statements="47" coveredstatements="47" elements="54" coveredelements="54"/>
      </class>
      <line num="20" type="method" name="__construct" visibility="public" complexity="5" crap="5" count="26"/>
      <line num="22" type="stmt" count="26"/>
      <line num="23" type="stmt" count="1"/>
      <line num="25" type="stmt" count="26"/>
      <line num="26" type="stmt" count="26"/>
      <line num="27" type="stmt" count="18"/>
      <line num="28" type="stmt" count="1"/>
      <line num="30" type="stmt" count="17"/>
      <line num="41" type="method" name="from" visibility="public" complexity="4" crap="4" count="9"/>
      <line num="43" type="stmt" count="9"/>
      <line num="44" type="stmt" count="1"/>
      <line num="46" type="stmt" count="8"/>
      <line num="47" type="stmt" count="8"/>
      <line num="48" type="stmt" count="8"/>
      <line num="50" type="stmt" count="8"/>
      <line num="57" type="method" name="__toString" visibility="public" complexity="1" crap="1" count="8"/>
      <line num="59" type="stmt" count="8"/>
      <line num="60" type="stmt" count="8"/>
      <line num="66" type="method" name="toReadableString" visibility="public" complexity="1" crap="1" count="1"/>
      <line num="68" type="stmt" count="1"/>
      <line num="74" type="method" name="__toReadableString" visibility="public" complexity="11" crap="11" count="2"/>
      <line num="76" type="stmt" count="2"/>
      <line num="77" type="stmt" count="2"/>
      <line num="78" type="stmt" count="2"/>
      <line num="80" type="stmt" count="2"/>
      <line num="81" type="stmt" count="2"/>
      <line num="82" type="stmt" count="2"/>
      <line num="83" type="stmt" count="2"/>
      <line num="84" type="stmt" count="2"/>
      <line num="85" type="stmt" count="2"/>
      <line num="88" type="stmt" count="2"/>
      <line num="89" type="stmt" count="2"/>
      <line num="92" type="stmt" count="2"/>
      <line num="94" type="stmt" count="2"/>
      <line num="95" type="stmt" count="2"/>
      <line num="97" type="stmt" count="2"/>
      <line num="98" type="stmt" count="2"/>
      <line num="100" type="stmt" count="2"/>
      <line num="102" type="stmt" count="2"/>
      <line num="103" type="stmt" count="2"/>
      <line num="105" type="stmt" count="2"/>
      <line num="106" type="stmt" count="2"/>
      <line num="109" type="method" name="offsetSet" visibility="public" complexity="6" crap="6" count="26"/>
      <line num="111" type="stmt" count="26"/>
      <line num="112" type="stmt" count="1"/>
      <line num="114" type="stmt" count="26"/>
      <line num="115" type="stmt" count="1"/>
      <line num="116" type="stmt" count="1"/>
      <line num="118" type="stmt" count="1"/>
      <line num="120" type="stmt" count="26"/>
      <line num="123" type="method" name="unserialize" visibility="public" complexity="2" crap="2" count="1"/>
      <line num="125" type="stmt" count="1"/>
      <line num="126" type="stmt" count="1"/>
      <line num="128" type="stmt" count="1"/>
      <metrics loc="131" ncloc="103" classes="1" methods="7" coveredmethods="7" conditionals="0" coveredconditionals="0" statements="47" coveredstatements="47" elements="54" coveredelements="54"/>
    </file>
    <file name="/home/runner/work/JSONFinder/JSONFinder/src/JSONValue.php">
      <class name="Eboubaker\JSON\JSONValue" namespace="global">
        <metrics complexity="37" methods="10" coveredmethods="10" conditionals="0" coveredconditionals="0" statements="47" coveredstatements="47" elements="57" coveredelements="57"/>
      </class>
      <line num="27" type="method" name="__construct" visibility="public" complexity="1" crap="1" count="29"/>
      <line num="29" type="stmt" count="29"/>
      <line num="36" type="method" name="allowedValue" visibility="public" complexity="6" crap="6" count="29"/>
      <line num="38" type="stmt" count="29"/>
      <line num="41" type="method" name="isContainer" visibility="public" complexity="1" crap="1" count="1"/>
      <line num="43" type="stmt" count="1"/>
      <line num="49" type="method" name="value" visibility="public" complexity="1" crap="1" count="22"/>
      <line num="51" type="stmt" count="22"/>
      <line num="58" type="method" name="set" visibility="public" complexity="2" crap="2" count="29"/>
      <line num="60" type="stmt" count="29"/>
      <line num="61" type="stmt" count="29"/>
      <line num="63" type="stmt" count="1"/>
      <line num="67" type="method" name="__toString" visibility="public" complexity="19" crap="19" count="10"/>
      <line num="69" type="stmt" count="10"/>
      <line num="70" type="stmt" count="6"/>
      <line num="71" type="stmt" count="6"/>
      <line num="72" type="stmt" count="4"/>
      <line num="74" type="stmt" count="6"/>
      <line num="76" type="stmt" count="10"/>
      <line num="77" type="stmt" count="7"/>
      <line num="78" type="stmt" count="10"/>
      <line num="79" type="stmt" count="6"/>
      <line num="80" type="stmt" count="10"/>
      <line num="81" type="stmt" count="3"/>
      <line num="82" type="stmt" count="10"/>
      <line num="83" type="stmt" count="9"/>
      <line num="84" type="stmt" count="9"/>
      <line num="85" type="stmt" count="9"/>
      <line num="86" type="stmt" count="9"/>
      <line num="87" type="stmt" count="9"/>
      <line num="88" type="stmt" count="9"/>
      <line num="89" type="stmt" count="9"/>
      <line num="90" type="stmt" count="9"/>
      <line num="91" type="stmt" count="9"/>
      <line num="92" type="stmt" count="9"/>
      <line num="93" type="stmt" count="9"/>
      <line num="94" type="stmt" count="9"/>
      <line num="95" type="stmt" count="9"/>
      <line num="97" type="stmt" count="9"/>
      <line num="98" type="stmt" count="9"/>
      <line num="99" type="stmt" count="2"/>
      <line num="100" type="stmt" count="1"/>
      <line num="102" type="stmt" count="1"/>
      <line num="106" type="method" name="serialize" visibility="public" complexity="1" crap="1" count="1"/>
      <line num="108" type="stmt" count="1"/>
      <line num="114" type="method" name="unserialize" visibility="public" complexity="2" crap="2" count="1"/>
      <line num="116" type="stmt" count="1"/>
      <line num="117" type="stmt" count="1"/>
      <line num="124" type="stmt" count="1"/>
      <line num="135" type="method" name="equals" visibility="public" complexity="3" crap="3" count="3"/>
      <line num="137" type="stmt" count="3"/>
      <line num="138" type="stmt" count="3"/>
      <line num="140" type="stmt" count="3"/>
      <line num="141" type="stmt" count="3"/>
      <line num="143" type="stmt" count="2"/>
      <line num="147" type="method" name="matches" visibility="public" complexity="1" crap="1" count="2"/>
      <line num="149" type="stmt" count="2"/>
      <metrics loc="152" ncloc="117" classes="1" methods="10" coveredmethods="10" conditionals="0" coveredconditionals="0" statements="47" coveredstatements="47" elements="57" coveredelements="57"/>
    </file>
    <file name="/home/runner/work/JSONFinder/JSONFinder/src/JTokenStruct.php">
      <class name="Eboubaker\JSON\JTokenStruct" namespace="global">
        <metrics complexity="1" methods="1" coveredmethods="1" conditionals="0" coveredconditionals="0" statements="2" coveredstatements="2" elements="3" coveredelements="3"/>
      </class>
      <line num="24" type="method" name="__construct" visibility="public" complexity="1" crap="1" count="18"/>
      <line num="26" type="stmt" count="18"/>
      <line num="27" type="stmt" count="18"/>
      <metrics loc="30" ncloc="18" classes="1" methods="1" coveredmethods="1" conditionals="0" coveredconditionals="0" statements="2" coveredstatements="2" elements="3" coveredelements="3"/>
    </file>
    <file name="/home/runner/work/JSONFinder/JSONFinder/src/Utils.php">
      <class name="Eboubaker\JSON\Utils" namespace="global">
        <metrics complexity="2" methods="1" coveredmethods="1" conditionals="0" coveredconditionals="0" statements="3" coveredstatements="3" elements="4" coveredelements="4"/>
      </class>
      <line num="11" type="method" name="typeof" visibility="public" complexity="2" crap="2" count="2"/>
      <line num="13" type="stmt" count="2"/>
      <line num="14" type="stmt" count="1"/>
      <line num="16" type="stmt" count="2"/>
      <metrics loc="19" ncloc="15" classes="1" methods="1" coveredmethods="1" conditionals="0" coveredconditionals="0" statements="3" coveredstatements="3" elements="4" coveredelements="4"/>
    </file>
    <metrics files="9" loc="1662" ncloc="1222" classes="7" methods="71" coveredmethods="71" conditionals="0" coveredconditionals="0" statements="575" coveredstatements="575" elements="646" coveredelements="646"/>
  </project>
</coverage>
